<?xml version="1.0" encoding="UTF-8"?>
<testsuite xmlns:xsi="http://www.w3.org/2001/XMLSchema-instance" xsi:noNamespaceSchemaLocation="https://maven.apache.org/surefire/maven-surefire-plugin/xsd/surefire-test-report.xsd" name="TestSuite" time="7.875" tests="3" errors="0" skipped="0" failures="0">
  <properties>
    <property name="gopherProxySet" value="false"/>
    <property name="awt.toolkit" value="sun.lwawt.macosx.LWCToolkit"/>
    <property name="java.specification.version" value="11"/>
    <property name="sun.cpu.isalist" value=""/>
    <property name="sun.jnu.encoding" value="UTF-8"/>
    <property name="java.class.path" value="/Users/Enes/Desktop/SeleniumSoftware/DeckOfCards/target/test-classes:/Users/Enes/Desktop/SeleniumSoftware/DeckOfCards/target/classes:/Users/Enes/.m2/repository/org/testng/testng/7.1.0/testng-7.1.0.jar:/Users/Enes/.m2/repository/com/beust/jcommander/1.72/jcommander-1.72.jar:/Users/Enes/.m2/repository/com/google/inject/guice/4.1.0/guice-4.1.0-no_aop.jar:/Users/Enes/.m2/repository/javax/inject/javax.inject/1/javax.inject-1.jar:/Users/Enes/.m2/repository/aopalliance/aopalliance/1.0/aopalliance-1.0.jar:/Users/Enes/.m2/repository/com/google/guava/guava/19.0/guava-19.0.jar:/Users/Enes/.m2/repository/org/yaml/snakeyaml/1.21/snakeyaml-1.21.jar:/Users/Enes/.m2/repository/io/rest-assured/json-schema-validator/4.1.1/json-schema-validator-4.1.1.jar:/Users/Enes/.m2/repository/com/github/java-json-tools/json-schema-validator/2.2.10/json-schema-validator-2.2.10.jar:/Users/Enes/.m2/repository/com/github/java-json-tools/json-schema-core/1.2.10/json-schema-core-1.2.10.jar:/Users/Enes/.m2/repository/com/github/java-json-tools/jackson-coreutils/1.9/jackson-coreutils-1.9.jar:/Users/Enes/.m2/repository/com/fasterxml/jackson/core/jackson-databind/2.2.3/jackson-databind-2.2.3.jar:/Users/Enes/.m2/repository/com/fasterxml/jackson/core/jackson-annotations/2.2.3/jackson-annotations-2.2.3.jar:/Users/Enes/.m2/repository/com/fasterxml/jackson/core/jackson-core/2.2.3/jackson-core-2.2.3.jar:/Users/Enes/.m2/repository/com/github/fge/msg-simple/1.1/msg-simple-1.1.jar:/Users/Enes/.m2/repository/com/github/fge/btf/1.2/btf-1.2.jar:/Users/Enes/.m2/repository/com/github/fge/uri-template/0.9/uri-template-0.9.jar:/Users/Enes/.m2/repository/org/mozilla/rhino/1.7.7.1/rhino-1.7.7.1.jar:/Users/Enes/.m2/repository/javax/mail/mailapi/1.4.3/mailapi-1.4.3.jar:/Users/Enes/.m2/repository/javax/activation/activation/1.1/activation-1.1.jar:/Users/Enes/.m2/repository/joda-time/joda-time/2.9.7/joda-time-2.9.7.jar:/Users/Enes/.m2/repository/com/googlecode/libphonenumber/libphonenumber/8.0.0/libphonenumber-8.0.0.jar:/Users/Enes/.m2/repository/com/google/code/findbugs/jsr305/3.0.1/jsr305-3.0.1.jar:/Users/Enes/.m2/repository/net/sf/jopt-simple/jopt-simple/5.0.3/jopt-simple-5.0.3.jar:/Users/Enes/.m2/repository/org/hamcrest/hamcrest/2.1/hamcrest-2.1.jar:/Users/Enes/.m2/repository/com/googlecode/json-simple/json-simple/1.1.1/json-simple-1.1.1.jar:/Users/Enes/.m2/repository/junit/junit/4.11/junit-4.11.jar:/Users/Enes/.m2/repository/org/hamcrest/hamcrest-core/1.3/hamcrest-core-1.3.jar:/Users/Enes/.m2/repository/io/rest-assured/rest-assured/4.1.1/rest-assured-4.1.1.jar:/Users/Enes/.m2/repository/org/codehaus/groovy/groovy/2.5.6/groovy-2.5.6.jar:/Users/Enes/.m2/repository/org/codehaus/groovy/groovy-xml/2.5.6/groovy-xml-2.5.6.jar:/Users/Enes/.m2/repository/org/apache/httpcomponents/httpclient/4.5.3/httpclient-4.5.3.jar:/Users/Enes/.m2/repository/org/apache/httpcomponents/httpcore/4.4.6/httpcore-4.4.6.jar:/Users/Enes/.m2/repository/commons-logging/commons-logging/1.2/commons-logging-1.2.jar:/Users/Enes/.m2/repository/commons-codec/commons-codec/1.9/commons-codec-1.9.jar:/Users/Enes/.m2/repository/org/apache/httpcomponents/httpmime/4.5.3/httpmime-4.5.3.jar:/Users/Enes/.m2/repository/org/ccil/cowan/tagsoup/tagsoup/1.2.1/tagsoup-1.2.1.jar:/Users/Enes/.m2/repository/io/rest-assured/json-path/4.1.1/json-path-4.1.1.jar:/Users/Enes/.m2/repository/org/codehaus/groovy/groovy-json/2.5.6/groovy-json-2.5.6.jar:/Users/Enes/.m2/repository/io/rest-assured/rest-assured-common/4.1.1/rest-assured-common-4.1.1.jar:/Users/Enes/.m2/repository/io/rest-assured/xml-path/4.1.1/xml-path-4.1.1.jar:/Users/Enes/.m2/repository/org/apache/commons/commons-lang3/3.4/commons-lang3-3.4.jar:/Users/Enes/.m2/repository/javax/xml/bind/jaxb-api/2.3.1/jaxb-api-2.3.1.jar:/Users/Enes/.m2/repository/javax/activation/javax.activation-api/1.2.0/javax.activation-api-1.2.0.jar:/Users/Enes/.m2/repository/com/sun/xml/bind/jaxb-osgi/2.3.0.1/jaxb-osgi-2.3.0.1.jar:/Users/Enes/.m2/repository/org/apache/sling/org.apache.sling.javax.activation/0.1.0/org.apache.sling.javax.activation-0.1.0.jar:"/>
    <property name="java.vm.vendor" value="Oracle Corporation"/>
    <property name="sun.arch.data.model" value="64"/>
    <property name="java.vendor.url" value="http://java.oracle.com/"/>
    <property name="user.timezone" value=""/>
    <property name="java.vm.specification.version" value="11"/>
    <property name="os.name" value="Mac OS X"/>
    <property name="sun.java.launcher" value="SUN_STANDARD"/>
    <property name="user.country" value="US"/>
    <property name="sun.boot.library.path" value="/Library/Java/JavaVirtualMachines/jdk-11.0.4.jdk/Contents/Home/lib"/>
    <property name="sun.java.command" value="/Users/Enes/Desktop/SeleniumSoftware/DeckOfCards/target/surefire/surefirebooter9184884613396903766.jar /Users/Enes/Desktop/SeleniumSoftware/DeckOfCards/target/surefire 2020-04-21T22-45-46_515-jvmRun1 surefire4524299918772030770tmp surefire_09113527478220688353tmp"/>
    <property name="jdk.debug" value="release"/>
    <property name="surefire.test.class.path" value="/Users/Enes/Desktop/SeleniumSoftware/DeckOfCards/target/test-classes:/Users/Enes/Desktop/SeleniumSoftware/DeckOfCards/target/classes:/Users/Enes/.m2/repository/org/testng/testng/7.1.0/testng-7.1.0.jar:/Users/Enes/.m2/repository/com/beust/jcommander/1.72/jcommander-1.72.jar:/Users/Enes/.m2/repository/com/google/inject/guice/4.1.0/guice-4.1.0-no_aop.jar:/Users/Enes/.m2/repository/javax/inject/javax.inject/1/javax.inject-1.jar:/Users/Enes/.m2/repository/aopalliance/aopalliance/1.0/aopalliance-1.0.jar:/Users/Enes/.m2/repository/com/google/guava/guava/19.0/guava-19.0.jar:/Users/Enes/.m2/repository/org/yaml/snakeyaml/1.21/snakeyaml-1.21.jar:/Users/Enes/.m2/repository/io/rest-assured/json-schema-validator/4.1.1/json-schema-validator-4.1.1.jar:/Users/Enes/.m2/repository/com/github/java-json-tools/json-schema-validator/2.2.10/json-schema-validator-2.2.10.jar:/Users/Enes/.m2/repository/com/github/java-json-tools/json-schema-core/1.2.10/json-schema-core-1.2.10.jar:/Users/Enes/.m2/repository/com/github/java-json-tools/jackson-coreutils/1.9/jackson-coreutils-1.9.jar:/Users/Enes/.m2/repository/com/fasterxml/jackson/core/jackson-databind/2.2.3/jackson-databind-2.2.3.jar:/Users/Enes/.m2/repository/com/fasterxml/jackson/core/jackson-annotations/2.2.3/jackson-annotations-2.2.3.jar:/Users/Enes/.m2/repository/com/fasterxml/jackson/core/jackson-core/2.2.3/jackson-core-2.2.3.jar:/Users/Enes/.m2/repository/com/github/fge/msg-simple/1.1/msg-simple-1.1.jar:/Users/Enes/.m2/repository/com/github/fge/btf/1.2/btf-1.2.jar:/Users/Enes/.m2/repository/com/github/fge/uri-template/0.9/uri-template-0.9.jar:/Users/Enes/.m2/repository/org/mozilla/rhino/1.7.7.1/rhino-1.7.7.1.jar:/Users/Enes/.m2/repository/javax/mail/mailapi/1.4.3/mailapi-1.4.3.jar:/Users/Enes/.m2/repository/javax/activation/activation/1.1/activation-1.1.jar:/Users/Enes/.m2/repository/joda-time/joda-time/2.9.7/joda-time-2.9.7.jar:/Users/Enes/.m2/repository/com/googlecode/libphonenumber/libphonenumber/8.0.0/libphonenumber-8.0.0.jar:/Users/Enes/.m2/repository/com/google/code/findbugs/jsr305/3.0.1/jsr305-3.0.1.jar:/Users/Enes/.m2/repository/net/sf/jopt-simple/jopt-simple/5.0.3/jopt-simple-5.0.3.jar:/Users/Enes/.m2/repository/org/hamcrest/hamcrest/2.1/hamcrest-2.1.jar:/Users/Enes/.m2/repository/com/googlecode/json-simple/json-simple/1.1.1/json-simple-1.1.1.jar:/Users/Enes/.m2/repository/junit/junit/4.11/junit-4.11.jar:/Users/Enes/.m2/repository/org/hamcrest/hamcrest-core/1.3/hamcrest-core-1.3.jar:/Users/Enes/.m2/repository/io/rest-assured/rest-assured/4.1.1/rest-assured-4.1.1.jar:/Users/Enes/.m2/repository/org/codehaus/groovy/groovy/2.5.6/groovy-2.5.6.jar:/Users/Enes/.m2/repository/org/codehaus/groovy/groovy-xml/2.5.6/groovy-xml-2.5.6.jar:/Users/Enes/.m2/repository/org/apache/httpcomponents/httpclient/4.5.3/httpclient-4.5.3.jar:/Users/Enes/.m2/repository/org/apache/httpcomponents/httpcore/4.4.6/httpcore-4.4.6.jar:/Users/Enes/.m2/repository/commons-logging/commons-logging/1.2/commons-logging-1.2.jar:/Users/Enes/.m2/repository/commons-codec/commons-codec/1.9/commons-codec-1.9.jar:/Users/Enes/.m2/repository/org/apache/httpcomponents/httpmime/4.5.3/httpmime-4.5.3.jar:/Users/Enes/.m2/repository/org/ccil/cowan/tagsoup/tagsoup/1.2.1/tagsoup-1.2.1.jar:/Users/Enes/.m2/repository/io/rest-assured/json-path/4.1.1/json-path-4.1.1.jar:/Users/Enes/.m2/repository/org/codehaus/groovy/groovy-json/2.5.6/groovy-json-2.5.6.jar:/Users/Enes/.m2/repository/io/rest-assured/rest-assured-common/4.1.1/rest-assured-common-4.1.1.jar:/Users/Enes/.m2/repository/io/rest-assured/xml-path/4.1.1/xml-path-4.1.1.jar:/Users/Enes/.m2/repository/org/apache/commons/commons-lang3/3.4/commons-lang3-3.4.jar:/Users/Enes/.m2/repository/javax/xml/bind/jaxb-api/2.3.1/jaxb-api-2.3.1.jar:/Users/Enes/.m2/repository/javax/activation/javax.activation-api/1.2.0/javax.activation-api-1.2.0.jar:/Users/Enes/.m2/repository/com/sun/xml/bind/jaxb-osgi/2.3.0.1/jaxb-osgi-2.3.0.1.jar:/Users/Enes/.m2/repository/org/apache/sling/org.apache.sling.javax.activation/0.1.0/org.apache.sling.javax.activation-0.1.0.jar:"/>
    <property name="sun.cpu.endian" value="little"/>
    <property name="user.home" value="/Users/Enes"/>
    <property name="user.language" value="en"/>
    <property name="java.specification.vendor" value="Oracle Corporation"/>
    <property name="java.version.date" value="2019-07-16"/>
    <property name="java.home" value="/Library/Java/JavaVirtualMachines/jdk-11.0.4.jdk/Contents/Home"/>
    <property name="file.separator" value="/"/>
    <property name="basedir" value="/Users/Enes/Desktop/SeleniumSoftware/DeckOfCards"/>
    <property name="java.vm.compressedOopsMode" value="Zero based"/>
    <property name="line.separator" value="&#10;"/>
    <property name="java.specification.name" value="Java Platform API Specification"/>
    <property name="java.vm.specification.vendor" value="Oracle Corporation"/>
    <property name="java.awt.graphicsenv" value="sun.awt.CGraphicsEnvironment"/>
    <property name="surefire.real.class.path" value="/Users/Enes/Desktop/SeleniumSoftware/DeckOfCards/target/surefire/surefirebooter9184884613396903766.jar"/>
    <property name="sun.management.compiler" value="HotSpot 64-Bit Tiered Compilers"/>
    <property name="java.runtime.version" value="11.0.4+10-LTS"/>
    <property name="user.name" value="Enes"/>
    <property name="path.separator" value=":"/>
    <property name="os.version" value="10.15.4"/>
    <property name="java.runtime.name" value="Java(TM) SE Runtime Environment"/>
    <property name="file.encoding" value="UTF-8"/>
    <property name="java.vm.name" value="Java HotSpot(TM) 64-Bit Server VM"/>
    <property name="java.vendor.version" value="18.9"/>
    <property name="localRepository" value="/Users/Enes/.m2/repository"/>
    <property name="java.vendor.url.bug" value="http://bugreport.java.com/bugreport/"/>
    <property name="java.io.tmpdir" value="/var/folders/l7/4cf13fdx0b59x5l1ptr_29kc0000gp/T/"/>
    <property name="java.version" value="11.0.4"/>
    <property name="user.dir" value="/Users/Enes/Desktop/SeleniumSoftware/DeckOfCards"/>
    <property name="os.arch" value="x86_64"/>
    <property name="java.vm.specification.name" value="Java Virtual Machine Specification"/>
    <property name="java.awt.printerjob" value="sun.lwawt.macosx.CPrinterJob"/>
    <property name="sun.os.patch.level" value="unknown"/>
    <property name="java.library.path" value="/Users/Enes/Library/Java/Extensions:/Library/Java/Extensions:/Network/Library/Java/Extensions:/System/Library/Java/Extensions:/usr/lib/java:."/>
    <property name="java.vendor" value="Oracle Corporation"/>
    <property name="java.vm.info" value="mixed mode"/>
    <property name="java.vm.version" value="11.0.4+10-LTS"/>
    <property name="sun.io.unicode.encoding" value="UnicodeBig"/>
    <property name="java.class.version" value="55.0"/>
  </properties>
  <testcase name="testPostCallFail" classname="assignment.CreateDeck" time="0.142"/>
  <testcase name="testSuccessCreateDeck" classname="assignment.CreateDeck" time="0.001"/>
  <testcase name="pickCards" classname="assignment.DrawCards" time="0.298"/>
</testsuite>