<?xml version="1.0" encoding="UTF-8"?>
<!-- Generated by org.testng.reporters.JUnitReportReporter -->
<testsuite skipped="0" hostname="Mirays-MacBook-Pro.local" name="assignment.DrawCards" tests="1" failures="0" timestamp="2020-04-21T22:53:15 EDT" time="0.536" errors="0">
  <testcase name="pickCards" time="0.536" classname="assignment.DrawCards"/>
  <system-out/>
</testsuite> <!-- assignment.DrawCards -->
