<?xml version="1.0" encoding="UTF-8"?>
<!-- Generated by org.testng.reporters.JUnitReportReporter -->
<testsuite skipped="0" hostname="Mirays-MacBook-Pro.local" name="assignment.CreateDeck" tests="2" failures="0" timestamp="2020-04-21T22:53:10 EDT" time="1.979" errors="0">
  <testcase name="testPostCallFail" time="1.606" classname="assignment.CreateDeck"/>
  <system-out/>
  <testcase name="testSuccessCreateDeck" time="0.373" classname="assignment.CreateDeck"/>
  <system-out/>
</testsuite> <!-- assignment.CreateDeck -->
