<?xml version="1.0" encoding="UTF-8"?>
<!-- Generated by org.testng.reporters.JUnitReportReporter -->
<testsuite hostname="Mirays-MacBook-Pro.local" failures="0" tests="2" name="assignment.CreateDeck" time="1.665" errors="0" timestamp="2020-04-21T22:45:54 EDT" skipped="0">
  <testcase classname="assignment.CreateDeck" name="testPostCallFail" time="1.206"/>
  <system-out/>
  <testcase classname="assignment.CreateDeck" name="testSuccessCreateDeck" time="0.459"/>
  <system-out/>
</testsuite> <!-- assignment.CreateDeck -->
