<?xml version="1.0" encoding="UTF-8"?>
<!-- Generated by org.testng.reporters.JUnitReportReporter -->
<testsuite hostname="Mirays-MacBook-Pro.local" failures="0" tests="1" name="assignment.DrawCards" time="0.682" errors="0" timestamp="2020-04-21T22:45:54 EDT" skipped="0">
  <testcase classname="assignment.DrawCards" name="pickCards" time="0.682"/>
  <system-out/>
</testsuite> <!-- assignment.DrawCards -->
